{
  message: 'Server is running on PORT 4321',
  level: 'info',
  timestamp: '2025-02-19T20:57:41.500Z'
}
{
  message: 'Connected to MongoDB',
  level: 'info',
  timestamp: '2025-02-19T20:57:41.518Z'
}
{
  message: 'Server is running on PORT 4321',
  level: 'info',
  timestamp: '2025-02-19T21:01:55.555Z'
}
{
  message: 'Connected to MongoDB',
  level: 'info',
  timestamp: '2025-02-19T21:01:55.581Z'
}
{
  message: 'Server is running on PORT 4321',
  level: 'info',
  timestamp: '2025-02-19T21:02:01.708Z'
}
{
  message: 'Connected to MongoDB',
  level: 'info',
  timestamp: '2025-02-19T21:02:01.716Z'
}
{
  message: 'Server is running on PORT 4321',
  level: 'info',
  timestamp: '2025-02-19T21:02:07.850Z'
}
{
  message: 'Connected to MongoDB',
  level: 'info',
  timestamp: '2025-02-19T21:02:07.858Z'
}
{
  message: 'Server is running on PORT 4321',
  level: 'info',
  timestamp: '2025-02-19T21:02:09.626Z'
}
{
  message: 'Connected to MongoDB',
  level: 'info',
  timestamp: '2025-02-19T21:02:09.633Z'
}
{
  message: 'Server is running on PORT 4321',
  level: 'info',
  timestamp: '2025-02-19T21:02:12.756Z'
}
{
  message: 'Connected to MongoDB',
  level: 'info',
  timestamp: '2025-02-19T21:02:12.764Z'
}
{
  message: 'Server is running on PORT 4321',
  level: 'info',
  timestamp: '2025-02-19T21:02:16.974Z'
}
{
  message: 'Connected to MongoDB',
  level: 'info',
  timestamp: '2025-02-19T21:02:16.981Z'
}
{
  message: 'Server is running on PORT 4321',
  level: 'info',
  timestamp: '2025-02-19T21:02:19.845Z'
}
{
  message: 'Connected to MongoDB',
  level: 'info',
  timestamp: '2025-02-19T21:02:19.853Z'
}
{
  message: 'Server is running on PORT 4321',
  level: 'info',
  timestamp: '2025-02-19T21:02:26.087Z'
}
{
  message: 'Connected to MongoDB',
  level: 'info',
  timestamp: '2025-02-19T21:02:26.096Z'
}
{
  message: 'Server is running on PORT 4321',
  level: 'info',
  timestamp: '2025-02-19T21:02:31.374Z'
}
{
  message: 'Connected to MongoDB',
  level: 'info',
  timestamp: '2025-02-19T21:02:31.381Z'
}
{
  message: 'Server is running on PORT 4321',
  level: 'info',
  timestamp: '2025-02-19T21:02:34.055Z'
}
{
  message: 'Connected to MongoDB',
  level: 'info',
  timestamp: '2025-02-19T21:02:34.062Z'
}
{
  message: 'Server is running on PORT 4321',
  level: 'info',
  timestamp: '2025-02-19T21:04:36.527Z'
}
{
  message: 'Connected to MongoDB',
  level: 'info',
  timestamp: '2025-02-19T21:04:36.535Z'
}
{
  message: 'Server is running on PORT 4321',
  level: 'info',
  timestamp: '2025-02-19T21:04:37.567Z'
}
{
  message: 'Connected to MongoDB',
  level: 'info',
  timestamp: '2025-02-19T21:04:37.574Z'
}
{
  message: 'Server is running on PORT 4321',
  level: 'info',
  timestamp: '2025-02-19T21:04:38.888Z'
}
{
  message: 'Connected to MongoDB',
  level: 'info',
  timestamp: '2025-02-19T21:04:38.896Z'
}
{
  message: 'Server is running on PORT 4321',
  level: 'info',
  timestamp: '2025-02-19T21:04:40.742Z'
}
{
  message: 'Connected to MongoDB',
  level: 'info',
  timestamp: '2025-02-19T21:04:40.750Z'
}
{
  message: 'Server is running on PORT 4321',
  level: 'info',
  timestamp: '2025-02-19T21:04:43.506Z'
}
{
  message: 'Connected to MongoDB',
  level: 'info',
  timestamp: '2025-02-19T21:04:43.514Z'
}
{
  message: 'Server is running on PORT 4321',
  level: 'info',
  timestamp: '2025-02-19T21:04:45.889Z'
}
{
  message: 'Connected to MongoDB',
  level: 'info',
  timestamp: '2025-02-19T21:04:45.951Z'
}
{
  message: 'Server is running on PORT 4321',
  level: 'info',
  timestamp: '2025-02-19T21:04:49.704Z'
}
{
  message: 'Connected to MongoDB',
  level: 'info',
  timestamp: '2025-02-19T21:04:49.712Z'
}
{
  message: 'Server is running on PORT 4321',
  level: 'info',
  timestamp: '2025-02-19T21:04:52.100Z'
}
{
  message: 'Connected to MongoDB',
  level: 'info',
  timestamp: '2025-02-19T21:04:52.108Z'
}
{
  message: 'Server is running on PORT 4321',
  level: 'info',
  timestamp: '2025-02-19T21:04:54.109Z'
}
{
  message: 'Connected to MongoDB',
  level: 'info',
  timestamp: '2025-02-19T21:04:54.116Z'
}
{
  message: 'Server is running on PORT 4321',
  level: 'info',
  timestamp: '2025-02-19T21:04:55.909Z'
}
{
  message: 'Connected to MongoDB',
  level: 'info',
  timestamp: '2025-02-19T21:04:55.917Z'
}
{
  message: 'Server is running on PORT 4321',
  level: 'info',
  timestamp: '2025-02-19T21:04:58.293Z'
}
{
  message: 'Connected to MongoDB',
  level: 'info',
  timestamp: '2025-02-19T21:04:58.300Z'
}
{
  message: 'Server is running on PORT 4321',
  level: 'info',
  timestamp: '2025-02-19T21:05:09.068Z'
}
{
  message: 'Connected to MongoDB',
  level: 'info',
  timestamp: '2025-02-19T21:05:09.076Z'
}
{
  message: 'Server is running on PORT 4321',
  level: 'info',
  timestamp: '2025-02-19T21:05:11.182Z'
}
{
  message: 'Connected to MongoDB',
  level: 'info',
  timestamp: '2025-02-19T21:05:11.190Z'
}
{
  message: 'Server is running on PORT 4321',
  level: 'info',
  timestamp: '2025-02-19T21:05:12.826Z'
}
{
  message: 'Connected to MongoDB',
  level: 'info',
  timestamp: '2025-02-19T21:05:12.834Z'
}
{
  message: 'Server is running on PORT 4321',
  level: 'info',
  timestamp: '2025-02-19T21:05:14.424Z'
}
{
  message: 'Connected to MongoDB',
  level: 'info',
  timestamp: '2025-02-19T21:05:14.434Z'
}
{
  message: 'Server is running on PORT 4321',
  level: 'info',
  timestamp: '2025-02-19T21:05:23.299Z'
}
{
  message: 'Connected to MongoDB',
  level: 'info',
  timestamp: '2025-02-19T21:05:23.307Z'
}
{
  message: 'Server is running on PORT 4321',
  level: 'info',
  timestamp: '2025-02-19T21:08:39.160Z'
}
{
  message: 'Connected to MongoDB',
  level: 'info',
  timestamp: '2025-02-19T21:08:39.176Z'
}
{
  message: 'Server is running on PORT 4321',
  level: 'info',
  timestamp: '2025-02-19T21:09:40.348Z'
}
{
  message: 'Connected to MongoDB',
  level: 'info',
  timestamp: '2025-02-19T21:09:40.357Z'
}
{
  message: 'Server is running on PORT 4321',
  level: 'info',
  timestamp: '2025-02-19T21:09:43.086Z'
}
{
  message: 'Connected to MongoDB',
  level: 'info',
  timestamp: '2025-02-19T21:09:43.094Z'
}
{
  message: 'Server is running on PORT 4321',
  level: 'info',
  timestamp: '2025-02-19T21:09:44.797Z'
}
{
  message: 'Connected to MongoDB',
  level: 'info',
  timestamp: '2025-02-19T21:09:44.804Z'
}
{
  message: 'Server is running on PORT 4321',
  level: 'info',
  timestamp: '2025-02-19T21:09:50.704Z'
}
{
  message: 'Connected to MongoDB',
  level: 'info',
  timestamp: '2025-02-19T21:09:50.713Z'
}
{
  message: 'Server is running on PORT 4321',
  level: 'info',
  timestamp: '2025-02-19T21:09:51.851Z'
}
{
  message: 'Connected to MongoDB',
  level: 'info',
  timestamp: '2025-02-19T21:09:51.858Z'
}
{
  message: 'Server is running on PORT 4321',
  level: 'info',
  timestamp: '2025-02-19T21:09:53.374Z'
}
{
  message: 'Connected to MongoDB',
  level: 'info',
  timestamp: '2025-02-19T21:09:53.381Z'
}
{
  message: 'Server is running on PORT 4321',
  level: 'info',
  timestamp: '2025-02-19T21:09:55.074Z'
}
{
  message: 'Connected to MongoDB',
  level: 'info',
  timestamp: '2025-02-19T21:09:55.081Z'
}
{
  message: 'Server is running on PORT 4321',
  level: 'info',
  timestamp: '2025-02-19T21:09:57.708Z'
}
{
  message: 'Connected to MongoDB',
  level: 'info',
  timestamp: '2025-02-19T21:09:57.716Z'
}
{
  message: 'Server is running on PORT 4321',
  level: 'info',
  timestamp: '2025-02-19T21:10:00.197Z'
}
{
  message: 'Connected to MongoDB',
  level: 'info',
  timestamp: '2025-02-19T21:10:00.204Z'
}
{
  message: 'Server is running on PORT 4321',
  level: 'info',
  timestamp: '2025-02-19T21:10:01.828Z'
}
{
  message: 'Connected to MongoDB',
  level: 'info',
  timestamp: '2025-02-19T21:10:01.835Z'
}
{
  message: 'Server is running on PORT 4321',
  level: 'info',
  timestamp: '2025-02-19T21:10:03.312Z'
}
{
  message: 'Connected to MongoDB',
  level: 'info',
  timestamp: '2025-02-19T21:10:03.320Z'
}
{
  message: 'Server is running on PORT 4321',
  level: 'info',
  timestamp: '2025-02-19T21:10:04.795Z'
}
{
  message: 'Connected to MongoDB',
  level: 'info',
  timestamp: '2025-02-19T21:10:04.806Z'
}
{
  message: 'Server is running on PORT 4321',
  level: 'info',
  timestamp: '2025-02-19T21:10:06.265Z'
}
{
  message: 'Connected to MongoDB',
  level: 'info',
  timestamp: '2025-02-19T21:10:06.272Z'
}
{
  message: 'Server is running on PORT 4321',
  level: 'info',
  timestamp: '2025-02-19T21:10:08.200Z'
}
{
  message: 'Connected to MongoDB',
  level: 'info',
  timestamp: '2025-02-19T21:10:08.208Z'
}
{
  message: 'Server is running on PORT 4321',
  level: 'info',
  timestamp: '2025-02-19T21:10:47.652Z'
}
{
  message: 'Connected to MongoDB',
  level: 'info',
  timestamp: '2025-02-19T21:10:47.660Z'
}
{
  message: 'Server is running on PORT 4321',
  level: 'info',
  timestamp: '2025-02-19T21:10:57.497Z'
}
{
  message: 'Connected to MongoDB',
  level: 'info',
  timestamp: '2025-02-19T21:10:57.506Z'
}
{
  message: 'Server is running on PORT 4321',
  level: 'info',
  timestamp: '2025-02-19T21:11:00.758Z'
}
{
  message: 'Connected to MongoDB',
  level: 'info',
  timestamp: '2025-02-19T21:11:00.766Z'
}
{
  message: 'Server is running on PORT 4321',
  level: 'info',
  timestamp: '2025-02-19T21:11:16.100Z'
}
{
  message: 'Connected to MongoDB',
  level: 'info',
  timestamp: '2025-02-19T21:11:16.108Z'
}
{
  message: 'Server is running on PORT 4321',
  level: 'info',
  timestamp: '2025-02-19T21:11:17.335Z'
}
{
  message: 'Connected to MongoDB',
  level: 'info',
  timestamp: '2025-02-19T21:11:17.342Z'
}
{
  message: 'Server is running on PORT 4321',
  level: 'info',
  timestamp: '2025-02-19T21:11:19.594Z'
}
{
  message: 'Connected to MongoDB',
  level: 'info',
  timestamp: '2025-02-19T21:11:19.601Z'
}
{
  message: 'Server is running on PORT 4321',
  level: 'info',
  timestamp: '2025-02-19T21:11:24.077Z'
}
{
  message: 'Connected to MongoDB',
  level: 'info',
  timestamp: '2025-02-19T21:11:24.086Z'
}
{
  message: 'Server is running on PORT 4321',
  level: 'info',
  timestamp: '2025-02-19T21:11:31.871Z'
}
{
  message: 'Connected to MongoDB',
  level: 'info',
  timestamp: '2025-02-19T21:11:31.878Z'
}
{
  message: 'Server is running on PORT 4321',
  level: 'info',
  timestamp: '2025-02-19T21:11:33.676Z'
}
{
  message: 'Connected to MongoDB',
  level: 'info',
  timestamp: '2025-02-19T21:11:33.683Z'
}
{
  message: 'Server is running on PORT 4321',
  level: 'info',
  timestamp: '2025-02-19T21:11:35.829Z'
}
{
  message: 'Connected to MongoDB',
  level: 'info',
  timestamp: '2025-02-19T21:11:35.837Z'
}
{
  message: 'Server is running on PORT 4321',
  level: 'info',
  timestamp: '2025-02-19T21:12:57.169Z'
}
{
  message: 'Connected to MongoDB',
  level: 'info',
  timestamp: '2025-02-19T21:12:57.177Z'
}
{
  message: 'Server is running on PORT 4321',
  level: 'info',
  timestamp: '2025-02-19T21:12:59.769Z'
}
{
  message: 'Connected to MongoDB',
  level: 'info',
  timestamp: '2025-02-19T21:12:59.776Z'
}
{
  message: 'Server is running on PORT 4321',
  level: 'info',
  timestamp: '2025-02-19T21:13:01.226Z'
}
{
  message: 'Connected to MongoDB',
  level: 'info',
  timestamp: '2025-02-19T21:13:01.233Z'
}
{
  message: 'Server is running on PORT 4321',
  level: 'info',
  timestamp: '2025-02-19T21:13:03.430Z'
}
{
  message: 'Connected to MongoDB',
  level: 'info',
  timestamp: '2025-02-19T21:13:03.439Z'
}
{
  message: 'Server is running on PORT 4321',
  level: 'info',
  timestamp: '2025-02-19T23:01:34.291Z'
}
{
  message: 'Connected to MongoDB',
  level: 'info',
  timestamp: '2025-02-19T23:01:34.309Z'
}
{
  message: 'Server is running on PORT 4321',
  level: 'info',
  timestamp: '2025-02-19T23:01:42.067Z'
}
{
  message: 'Connected to MongoDB',
  level: 'info',
  timestamp: '2025-02-19T23:01:42.074Z'
}
{
  message: 'Server is running on PORT 4321',
  level: 'info',
  timestamp: '2025-02-19T23:01:57.473Z'
}
{
  message: 'Connected to MongoDB',
  level: 'info',
  timestamp: '2025-02-19T23:01:57.484Z'
}
{
  message: 'Server is running on PORT 4321',
  level: 'info',
  timestamp: '2025-02-19T23:02:00.515Z'
}
{
  message: 'Connected to MongoDB',
  level: 'info',
  timestamp: '2025-02-19T23:02:00.524Z'
}
{
  message: 'Server is running on PORT 4321',
  level: 'info',
  timestamp: '2025-02-19T23:02:06.186Z'
}
{
  message: 'Connected to MongoDB',
  level: 'info',
  timestamp: '2025-02-19T23:02:06.199Z'
}
{
  message: 'Server is running on PORT 4321',
  level: 'info',
  timestamp: '2025-02-19T23:02:16.851Z'
}
{
  message: 'Connected to MongoDB',
  level: 'info',
  timestamp: '2025-02-19T23:02:16.867Z'
}
{
  message: 'Server is running on PORT 4321',
  level: 'info',
  timestamp: '2025-02-19T23:02:20.859Z'
}
{
  message: 'Connected to MongoDB',
  level: 'info',
  timestamp: '2025-02-19T23:02:20.870Z'
}
{
  message: 'Server is running on PORT 4321',
  level: 'info',
  timestamp: '2025-02-19T23:02:22.852Z'
}
{
  message: 'Connected to MongoDB',
  level: 'info',
  timestamp: '2025-02-19T23:02:22.864Z'
}
{
  message: 'Server is running on PORT 4321',
  level: 'info',
  timestamp: '2025-02-19T23:02:25.785Z'
}
{
  message: 'Connected to MongoDB',
  level: 'info',
  timestamp: '2025-02-19T23:02:25.794Z'
}
