{
  error: TypeError: Router.use() requires a middleware function but got a Object
      at Function.use (/Users/mac/IdeaProjects/Bookah/node_modules/express/lib/router/index.js:469:13)
      at Function.<anonymous> (/Users/mac/IdeaProjects/Bookah/node_modules/express/lib/application.js:227:21)
      at Array.forEach (<anonymous>)
      at Function.use (/Users/mac/IdeaProjects/Bookah/node_modules/express/lib/application.js:224:7)
      at Object.<anonymous> (/Users/mac/IdeaProjects/Bookah/app.js:10:5)
      at Module._compile (node:internal/modules/cjs/loader:1358:14)
      at Module._extensions..js (node:internal/modules/cjs/loader:1416:10)
      at Module.load (node:internal/modules/cjs/loader:1208:32)
      at Module._load (node:internal/modules/cjs/loader:1024:12)
      at Function.executeUserEntryPoint [as runMain] (node:internal/modules/run_main:174:12),
  level: 'error',
  message: 'uncaughtException: Router.use() requires a middleware function but got a Object\n' +
    'TypeError: Router.use() requires a middleware function but got a Object\n' +
    '    at Function.use (/Users/mac/IdeaProjects/Bookah/node_modules/express/lib/router/index.js:469:13)\n' +
    '    at Function.<anonymous> (/Users/mac/IdeaProjects/Bookah/node_modules/express/lib/application.js:227:21)\n' +
    '    at Array.forEach (<anonymous>)\n' +
    '    at Function.use (/Users/mac/IdeaProjects/Bookah/node_modules/express/lib/application.js:224:7)\n' +
    '    at Object.<anonymous> (/Users/mac/IdeaProjects/Bookah/app.js:10:5)\n' +
    '    at Module._compile (node:internal/modules/cjs/loader:1358:14)\n' +
    '    at Module._extensions..js (node:internal/modules/cjs/loader:1416:10)\n' +
    '    at Module.load (node:internal/modules/cjs/loader:1208:32)\n' +
    '    at Module._load (node:internal/modules/cjs/loader:1024:12)\n' +
    '    at Function.executeUserEntryPoint [as runMain] (node:internal/modules/run_main:174:12)',
  stack: 'TypeError: Router.use() requires a middleware function but got a Object\n' +
    '    at Function.use (/Users/mac/IdeaProjects/Bookah/node_modules/express/lib/router/index.js:469:13)\n' +
    '    at Function.<anonymous> (/Users/mac/IdeaProjects/Bookah/node_modules/express/lib/application.js:227:21)\n' +
    '    at Array.forEach (<anonymous>)\n' +
    '    at Function.use (/Users/mac/IdeaProjects/Bookah/node_modules/express/lib/application.js:224:7)\n' +
    '    at Object.<anonymous> (/Users/mac/IdeaProjects/Bookah/app.js:10:5)\n' +
    '    at Module._compile (node:internal/modules/cjs/loader:1358:14)\n' +
    '    at Module._extensions..js (node:internal/modules/cjs/loader:1416:10)\n' +
    '    at Module.load (node:internal/modules/cjs/loader:1208:32)\n' +
    '    at Module._load (node:internal/modules/cjs/loader:1024:12)\n' +
    '    at Function.executeUserEntryPoint [as runMain] (node:internal/modules/run_main:174:12)',
  exception: true,
  date: 'Thu Feb 20 2025 12:02:24 GMT+0100 (West Africa Standard Time)',
  process: {
    pid: 60333,
    uid: 501,
    gid: 20,
    cwd: '/Users/mac/IdeaProjects/Bookah',
    execPath: '/usr/local/bin/node',
    version: 'v20.13.0',
    argv: [ '/usr/local/bin/node', '/Users/mac/IdeaProjects/Bookah/app.js' ],
    memoryUsage: {
      rss: 80019456,
      heapTotal: 36716544,
      heapUsed: 26110536,
      external: 20433442,
      arrayBuffers: 18262287
    }
  },
  os: {
    loadavg: [ 3.052734375, 3.65087890625, 3.49755859375 ],
    uptime: 299435
  },
  trace: [
    {
      column: 13,
      file: '/Users/mac/IdeaProjects/Bookah/node_modules/express/lib/router/index.js',
      function: 'Function.use',
      line: 469,
      method: 'use',
      native: false
    },
    {
      column: 21,
      file: '/Users/mac/IdeaProjects/Bookah/node_modules/express/lib/application.js',
      function: null,
      line: 227,
      method: null,
      native: false
    },
    {
      column: null,
      file: null,
      function: 'Array.forEach',
      line: null,
      method: 'forEach',
      native: false
    },
    {
      column: 7,
      file: '/Users/mac/IdeaProjects/Bookah/node_modules/express/lib/application.js',
      function: 'Function.use',
      line: 224,
      method: 'use',
      native: false
    },
    {
      column: 5,
      file: '/Users/mac/IdeaProjects/Bookah/app.js',
      function: null,
      line: 10,
      method: null,
      native: false
    },
    {
      column: 14,
      file: 'node:internal/modules/cjs/loader',
      function: 'Module._compile',
      line: 1358,
      method: '_compile',
      native: false
    },
    {
      column: 10,
      file: 'node:internal/modules/cjs/loader',
      function: 'Module._extensions..js',
      line: 1416,
      method: '.js',
      native: false
    },
    {
      column: 32,
      file: 'node:internal/modules/cjs/loader',
      function: 'Module.load',
      line: 1208,
      method: 'load',
      native: false
    },
    {
      column: 12,
      file: 'node:internal/modules/cjs/loader',
      function: 'Module._load',
      line: 1024,
      method: '_load',
      native: false
    },
    {
      column: 12,
      file: 'node:internal/modules/run_main',
      function: 'Function.executeUserEntryPoint [as runMain]',
      line: 174,
      method: 'executeUserEntryPoint [as runMain]',
      native: false
    }
  ],
  timestamp: '2025-02-20T11:02:24.191Z'
}
